Started GET "/" for 127.0.0.1 at 2023-04-24 14:32:25 +0200
Processing by Rails::WelcomeController#index as HTML
  Rendering /home/eddy/.rvm/gems/ruby-3.0.0/gems/railties-7.0.4.3/lib/rails/templates/rails/welcome/index.html.erb
  Rendered /home/eddy/.rvm/gems/ruby-3.0.0/gems/railties-7.0.4.3/lib/rails/templates/rails/welcome/index.html.erb (Duration: 18.3ms | Allocations: 831)
Completed 200 OK in 67ms (Views: 37.4ms | ActiveRecord: 0.0ms | Allocations: 7213)


  [1m[35m (718.6ms)[0m  [1m[35mCREATE DATABASE "recipe_app_development" ENCODING = 'unicode'[0m
  [1m[35m (340.1ms)[0m  [1m[35mCREATE DATABASE "recipe_app_test" ENCODING = 'unicode'[0m
  [1m[35m (48.2ms)[0m  [1m[35mCREATE TABLE "schema_migrations" ("version" character varying NOT NULL PRIMARY KEY)[0m
  [1m[35m (13.3ms)[0m  [1m[35mCREATE TABLE "ar_internal_metadata" ("key" character varying NOT NULL PRIMARY KEY, "value" character varying, "created_at" timestamp(6) NOT NULL, "updated_at" timestamp(6) NOT NULL)[0m
  [1m[35m (0.4ms)[0m  [1m[34mSELECT pg_try_advisory_lock(8277932024918942610)[0m
  [1m[36mActiveRecord::SchemaMigration Pluck (0.8ms)[0m  [1m[34mSELECT "schema_migrations"."version" FROM "schema_migrations" ORDER BY "schema_migrations"."version" ASC[0m
Migrating to CreateUsers (20230425093513)
  [1m[36mTRANSACTION (0.5ms)[0m  [1m[35mBEGIN[0m
  [1m[35m (30.1ms)[0m  [1m[35mCREATE TABLE "users" ("id" bigserial primary key, "name" character varying, "created_at" timestamp(6) NOT NULL, "updated_at" timestamp(6) NOT NULL)[0m
  [1m[36mActiveRecord::SchemaMigration Create (3.5ms)[0m  [1m[32mINSERT INTO "schema_migrations" ("version") VALUES ($1) RETURNING "version"[0m  [["version", "20230425093513"]]
  [1m[36mTRANSACTION (5.3ms)[0m  [1m[35mCOMMIT[0m
Migrating to CreateFoods (20230425094053)
  [1m[36mTRANSACTION (0.3ms)[0m  [1m[35mBEGIN[0m
  [1m[35m (12.0ms)[0m  [1m[35mCREATE TABLE "foods" ("id" bigserial primary key, "name" character varying, "measurement_unit" character varying, "price" integer, "quantity" integer, "user_id" bigint NOT NULL, "created_at" timestamp(6) NOT NULL, "updated_at" timestamp(6) NOT NULL, CONSTRAINT "fk_rails_541e2e5c7b"
FOREIGN KEY ("user_id")
  REFERENCES "users" ("id")
)[0m
  [1m[35m (5.5ms)[0m  [1m[35mCREATE INDEX "index_foods_on_user_id" ON "foods" ("user_id")[0m
  [1m[36mActiveRecord::SchemaMigration Create (0.5ms)[0m  [1m[32mINSERT INTO "schema_migrations" ("version") VALUES ($1) RETURNING "version"[0m  [["version", "20230425094053"]]
  [1m[36mTRANSACTION (2.8ms)[0m  [1m[35mCOMMIT[0m
Migrating to CreateRecipes (20230425094511)
  [1m[36mTRANSACTION (0.3ms)[0m  [1m[35mBEGIN[0m
  [1m[35m (13.4ms)[0m  [1m[35mCREATE TABLE "recipes" ("id" bigserial primary key, "name" character varying, "preparation_time" character varying, "cooking_time" character varying, "description" text, "public" boolean, "user_id" bigint NOT NULL, "created_at" timestamp(6) NOT NULL, "updated_at" timestamp(6) NOT NULL, CONSTRAINT "fk_rails_9606fce865"
FOREIGN KEY ("user_id")
  REFERENCES "users" ("id")
)[0m
  [1m[35m (5.2ms)[0m  [1m[35mCREATE INDEX "index_recipes_on_user_id" ON "recipes" ("user_id")[0m
  [1m[36mActiveRecord::SchemaMigration Create (1.0ms)[0m  [1m[32mINSERT INTO "schema_migrations" ("version") VALUES ($1) RETURNING "version"[0m  [["version", "20230425094511"]]
  [1m[36mTRANSACTION (3.3ms)[0m  [1m[35mCOMMIT[0m
Migrating to CreateRecipeFoods (20230425094801)
  [1m[36mTRANSACTION (0.3ms)[0m  [1m[35mBEGIN[0m
  [1m[35m (8.2ms)[0m  [1m[35mCREATE TABLE "recipe_foods" ("id" bigserial primary key, "quantity" integer, "food_id" bigint NOT NULL, "recipe_id" bigint NOT NULL, "created_at" timestamp(6) NOT NULL, "updated_at" timestamp(6) NOT NULL, CONSTRAINT "fk_rails_cef9648c35"
FOREIGN KEY ("food_id")
  REFERENCES "foods" ("id")
, CONSTRAINT "fk_rails_b279eaba63"
FOREIGN KEY ("recipe_id")
  REFERENCES "recipes" ("id")
)[0m
  [1m[35m (4.5ms)[0m  [1m[35mCREATE INDEX "index_recipe_foods_on_food_id" ON "recipe_foods" ("food_id")[0m
  [1m[35m (6.9ms)[0m  [1m[35mCREATE INDEX "index_recipe_foods_on_recipe_id" ON "recipe_foods" ("recipe_id")[0m
  [1m[36mActiveRecord::SchemaMigration Create (1.2ms)[0m  [1m[32mINSERT INTO "schema_migrations" ("version") VALUES ($1) RETURNING "version"[0m  [["version", "20230425094801"]]
  [1m[36mTRANSACTION (1.6ms)[0m  [1m[35mCOMMIT[0m
  [1m[36mActiveRecord::InternalMetadata Load (0.7ms)[0m  [1m[34mSELECT "ar_internal_metadata".* FROM "ar_internal_metadata" WHERE "ar_internal_metadata"."key" = $1 LIMIT $2[0m  [["key", "environment"], ["LIMIT", 1]]
  [1m[36mTRANSACTION (0.2ms)[0m  [1m[35mBEGIN[0m
  [1m[36mActiveRecord::InternalMetadata Create (0.8ms)[0m  [1m[32mINSERT INTO "ar_internal_metadata" ("key", "value", "created_at", "updated_at") VALUES ($1, $2, $3, $4) RETURNING "key"[0m  [["key", "environment"], ["value", "development"], ["created_at", "2023-04-25 10:43:53.971359"], ["updated_at", "2023-04-25 10:43:53.971359"]]
  [1m[36mTRANSACTION (2.3ms)[0m  [1m[35mCOMMIT[0m
  [1m[35m (0.4ms)[0m  [1m[34mSELECT pg_advisory_unlock(8277932024918942610)[0m
  [1m[36mActiveRecord::SchemaMigration Pluck (1.6ms)[0m  [1m[34mSELECT "schema_migrations"."version" FROM "schema_migrations" ORDER BY "schema_migrations"."version" ASC[0m
  [1m[36mTRANSACTION (0.3ms)[0m  [1m[35mBEGIN[0m
  [1m[36mUser Create (1.9ms)[0m  [1m[32mINSERT INTO "users" ("name", "created_at", "updated_at") VALUES ($1, $2, $3) RETURNING "id"[0m  [["name", "landlord"], ["created_at", "2023-04-25 10:45:22.511352"], ["updated_at", "2023-04-25 10:45:22.511352"]]
  [1m[36mTRANSACTION (2.1ms)[0m  [1m[35mCOMMIT[0m
  [1m[36mTRANSACTION (0.3ms)[0m  [1m[35mBEGIN[0m
  [1m[36mFood Create (1.9ms)[0m  [1m[32mINSERT INTO "foods" ("name", "measurement_unit", "price", "quantity", "user_id", "created_at", "updated_at") VALUES ($1, $2, $3, $4, $5, $6, $7) RETURNING "id"[0m  [["name", "pizza"], ["measurement_unit", "kg"], ["price", 50], ["quantity", 20], ["user_id", 1], ["created_at", "2023-04-25 11:21:12.930571"], ["updated_at", "2023-04-25 11:21:12.930571"]]
  [1m[36mTRANSACTION (2.9ms)[0m  [1m[35mCOMMIT[0m
  [1m[36mFood Load (0.3ms)[0m  [1m[34mSELECT "foods".* FROM "foods" WHERE "foods"."user_id" = $1[0m  [["user_id", 1]]
Started GET "/" for 127.0.0.1 at 2023-04-25 14:34:53 +0200
  [1m[36mActiveRecord::SchemaMigration Pluck (27.1ms)[0m  [1m[34mSELECT "schema_migrations"."version" FROM "schema_migrations" ORDER BY "schema_migrations"."version" ASC[0m
Processing by Rails::WelcomeController#index as HTML
  Rendering /home/eddy/.rvm/gems/ruby-3.0.0/gems/railties-7.0.4.3/lib/rails/templates/rails/welcome/index.html.erb
  Rendered /home/eddy/.rvm/gems/ruby-3.0.0/gems/railties-7.0.4.3/lib/rails/templates/rails/welcome/index.html.erb (Duration: 8.8ms | Allocations: 728)
Completed 200 OK in 153ms (Views: 67.8ms | ActiveRecord: 0.0ms | Allocations: 6011)


Started GET "/" for 127.0.0.1 at 2023-04-25 14:35:38 +0200
Processing by Rails::WelcomeController#index as HTML
  Rendering /home/eddy/.rvm/gems/ruby-3.0.0/gems/railties-7.0.4.3/lib/rails/templates/rails/welcome/index.html.erb
  Rendered /home/eddy/.rvm/gems/ruby-3.0.0/gems/railties-7.0.4.3/lib/rails/templates/rails/welcome/index.html.erb (Duration: 8.1ms | Allocations: 452)
Completed 200 OK in 33ms (Views: 27.7ms | ActiveRecord: 0.0ms | Allocations: 1295)


Started GET "/users/sign_in" for 127.0.0.1 at 2023-04-25 14:35:44 +0200
Processing by UsersController#show as HTML
  Parameters: {"id"=>"sign_in"}
  [1m[36mUser Load (6.3ms)[0m  [1m[34mSELECT "users".* FROM "users" WHERE "users"."id" = $1 LIMIT $2[0m  [["id", nil], ["LIMIT", 1]]
  ↳ app/controllers/users_controller.rb:64:in `set_user'
Completed 404 Not Found in 251ms (ActiveRecord: 112.1ms | Allocations: 7185)


  
ActiveRecord::RecordNotFound (Couldn't find User with 'id'=sign_in):
  
app/controllers/users_controller.rb:64:in `set_user'
Started GET "/users/" for 127.0.0.1 at 2023-04-25 14:35:58 +0200
Processing by UsersController#index as HTML
  Rendering layout layouts/application.html.erb
  Rendering users/index.html.erb within layouts/application
  [1m[36mUser Load (21.4ms)[0m  [1m[34mSELECT "users".* FROM "users"[0m
  ↳ app/views/users/index.html.erb:6
  Rendered users/_user.html.erb (Duration: 13.4ms | Allocations: 201)
  Rendered users/index.html.erb within layouts/application (Duration: 184.2ms | Allocations: 15883)
  Rendered layout layouts/application.html.erb (Duration: 1440.0ms | Allocations: 112757)
Completed 200 OK in 1457ms (Views: 1430.7ms | ActiveRecord: 21.4ms | Allocations: 113764)


Started GET "/users/1" for 127.0.0.1 at 2023-04-25 14:36:15 +0200
Processing by UsersController#show as HTML
  Parameters: {"id"=>"1"}
  [1m[36mUser Load (2.5ms)[0m  [1m[34mSELECT "users".* FROM "users" WHERE "users"."id" = $1 LIMIT $2[0m  [["id", 1], ["LIMIT", 1]]
  ↳ app/controllers/users_controller.rb:64:in `set_user'
  Rendering layout layouts/application.html.erb
  Rendering users/show.html.erb within layouts/application
  Rendered users/_user.html.erb (Duration: 0.3ms | Allocations: 17)
  Rendered users/show.html.erb within layouts/application (Duration: 7.2ms | Allocations: 821)
  Rendered layout layouts/application.html.erb (Duration: 19.8ms | Allocations: 3150)
Completed 200 OK in 35ms (Views: 23.0ms | ActiveRecord: 2.5ms | Allocations: 4014)


Started GET "/users/new" for 127.0.0.1 at 2023-04-25 14:36:23 +0200
Processing by UsersController#new as HTML
  Rendering layout layouts/application.html.erb
  Rendering users/new.html.erb within layouts/application
  Rendered users/_form.html.erb (Duration: 147.3ms | Allocations: 7202)
  Rendered users/new.html.erb within layouts/application (Duration: 152.0ms | Allocations: 7507)
  Rendered layout layouts/application.html.erb (Duration: 163.8ms | Allocations: 9838)
Completed 200 OK in 169ms (Views: 166.1ms | ActiveRecord: 0.0ms | Allocations: 10248)


Started GET "/users" for 127.0.0.1 at 2023-04-25 14:38:23 +0200
Processing by UsersController#index as HTML
  Rendering layout layouts/application.html.erb
  Rendering users/index.html.erb within layouts/application
  [1m[36mUser Load (1.0ms)[0m  [1m[34mSELECT "users".* FROM "users"[0m
  ↳ app/views/users/index.html.erb:6
  Rendered users/_user.html.erb (Duration: 0.3ms | Allocations: 17)
  Rendered users/index.html.erb within layouts/application (Duration: 13.5ms | Allocations: 847)
  Rendered layout layouts/application.html.erb (Duration: 28.6ms | Allocations: 3191)
Completed 200 OK in 39ms (Views: 36.0ms | ActiveRecord: 1.0ms | Allocations: 3516)


Started GET "/" for 127.0.0.1 at 2023-04-25 14:45:04 +0200
Processing by UsersController#index as HTML
  Rendering layout layouts/application.html.erb
  Rendering users/index.html.erb within layouts/application
  [1m[36mUser Load (1.6ms)[0m  [1m[34mSELECT "users".* FROM "users"[0m
  ↳ app/views/users/index.html.erb:6
  Rendered users/_user.html.erb (Duration: 0.7ms | Allocations: 31)
  Rendered users/index.html.erb within layouts/application (Duration: 223.7ms | Allocations: 5249)
  Rendered layout layouts/application.html.erb (Duration: 406.0ms | Allocations: 20090)
Completed 200 OK in 447ms (Views: 425.6ms | ActiveRecord: 26.9ms | Allocations: 23645)


Started GET "/" for 127.0.0.1 at 2023-04-25 14:45:51 +0200
Processing by Rails::WelcomeController#index as HTML
  Rendering /home/eddy/.rvm/gems/ruby-3.0.0/gems/railties-7.0.4.3/lib/rails/templates/rails/welcome/index.html.erb
  Rendered /home/eddy/.rvm/gems/ruby-3.0.0/gems/railties-7.0.4.3/lib/rails/templates/rails/welcome/index.html.erb (Duration: 1.0ms | Allocations: 15)
Completed 200 OK in 7ms (Views: 4.4ms | ActiveRecord: 0.0ms | Allocations: 276)


Started GET "/" for 127.0.0.1 at 2023-04-25 14:46:00 +0200
Processing by UsersController#index as HTML
  Rendering layout layouts/application.html.erb
  Rendering users/index.html.erb within layouts/application
  [1m[36mUser Load (1.4ms)[0m  [1m[34mSELECT "users".* FROM "users"[0m
  ↳ app/views/users/index.html.erb:6
  Rendered users/_user.html.erb (Duration: 0.3ms | Allocations: 31)
  Rendered users/index.html.erb within layouts/application (Duration: 53.8ms | Allocations: 2350)
  Rendered layout layouts/application.html.erb (Duration: 133.8ms | Allocations: 17189)
Completed 200 OK in 161ms (Views: 109.5ms | ActiveRecord: 34.0ms | Allocations: 20735)


Started GET "/" for 127.0.0.1 at 2023-04-25 16:59:58 +0200
  [1m[36mActiveRecord::SchemaMigration Pluck (0.6ms)[0m  [1m[34mSELECT "schema_migrations"."version" FROM "schema_migrations" ORDER BY "schema_migrations"."version" ASC[0m
Processing by UsersController#index as HTML
  Rendering layout layouts/application.html.erb
  Rendering users/index.html.erb within layouts/application
  [1m[36mUser Load (0.6ms)[0m  [1m[34mSELECT "users".* FROM "users"[0m
  ↳ app/views/users/index.html.erb:6
  Rendered users/_user.html.erb (Duration: 0.6ms | Allocations: 208)
  Rendered users/index.html.erb within layouts/application (Duration: 33.4ms | Allocations: 16895)
  Rendered layout layouts/application.html.erb (Duration: 132.4ms | Allocations: 52811)
Completed 200 OK in 157ms (Views: 130.0ms | ActiveRecord: 6.2ms | Allocations: 62009)


Started GET "/recipes" for 127.0.0.1 at 2023-04-25 17:00:12 +0200
Processing by RecipesController#index as HTML
  Rendering layout layouts/application.html.erb
  Rendering recipes/index.html.erb within layouts/application
  [1m[36mRecipe Load (18.2ms)[0m  [1m[34mSELECT "recipes".* FROM "recipes"[0m
  ↳ app/views/recipes/index.html.erb:6
  Rendered recipes/index.html.erb within layouts/application (Duration: 27.9ms | Allocations: 1124)
  Rendered layout layouts/application.html.erb (Duration: 34.5ms | Allocations: 3545)
Completed 200 OK in 61ms (Views: 18.1ms | ActiveRecord: 18.2ms | Allocations: 7917)


Started GET "/recipes/new" for 127.0.0.1 at 2023-04-25 17:00:37 +0200
Processing by RecipesController#new as HTML
  Rendering layout layouts/application.html.erb
  Rendering recipes/new.html.erb within layouts/application
  Rendered recipes/_form.html.erb (Duration: 37.9ms | Allocations: 7605)
  Rendered recipes/new.html.erb within layouts/application (Duration: 50.9ms | Allocations: 7920)
  Rendered layout layouts/application.html.erb (Duration: 56.3ms | Allocations: 10252)
Completed 200 OK in 82ms (Views: 57.5ms | ActiveRecord: 3.6ms | Allocations: 26459)


Started POST "/recipes" for 127.0.0.1 at 2023-04-25 17:01:25 +0200
Processing by RecipesController#create as TURBO_STREAM
  Parameters: {"authenticity_token"=>"[FILTERED]", "recipe"=>{"name"=>"pizza", "preparation_time"=>"2 hours", "cooking_time"=>"30 mins", "description"=>"dghfhvohuiggfctydvtyguimhougniufitvdvutdghnggfcdxxcfvgbhj", "public"=>"0", "user_id"=>"user1"}, "commit"=>"Create Recipe"}
  [1m[36mTRANSACTION (0.5ms)[0m  [1m[35mBEGIN[0m
  ↳ app/controllers/recipes_controller.rb:27:in `block in create'
  [1m[36mUser Load (0.3ms)[0m  [1m[34mSELECT "users".* FROM "users" WHERE "users"."id" = $1 LIMIT $2[0m  [["id", 0], ["LIMIT", 1]]
  ↳ app/controllers/recipes_controller.rb:27:in `block in create'
  [1m[36mTRANSACTION (0.3ms)[0m  [1m[31mROLLBACK[0m
  ↳ app/controllers/recipes_controller.rb:27:in `block in create'
  Rendering layout layouts/application.html.erb
  Rendering recipes/new.html.erb within layouts/application
  Rendered recipes/_form.html.erb (Duration: 4.6ms | Allocations: 2372)
  Rendered recipes/new.html.erb within layouts/application (Duration: 5.1ms | Allocations: 2457)
  Rendered layout layouts/application.html.erb (Duration: 10.3ms | Allocations: 4781)
Completed 422 Unprocessable Entity in 135ms (Views: 11.2ms | ActiveRecord: 1.6ms | Allocations: 13321)


Started POST "/recipes" for 127.0.0.1 at 2023-04-25 17:01:37 +0200
Processing by RecipesController#create as TURBO_STREAM
  Parameters: {"authenticity_token"=>"[FILTERED]", "recipe"=>{"name"=>"pizza", "preparation_time"=>"2 hours", "cooking_time"=>"30 mins", "description"=>"dghfhvohuiggfctydvtyguimhougniufitvdvutdghnggfcdxxcfvgbhj", "public"=>"0", "user_id"=>"landlord"}, "commit"=>"Create Recipe"}
  [1m[36mTRANSACTION (0.2ms)[0m  [1m[35mBEGIN[0m
  ↳ app/controllers/recipes_controller.rb:27:in `block in create'
  [1m[36mUser Load (0.4ms)[0m  [1m[34mSELECT "users".* FROM "users" WHERE "users"."id" = $1 LIMIT $2[0m  [["id", 0], ["LIMIT", 1]]
  ↳ app/controllers/recipes_controller.rb:27:in `block in create'
  [1m[36mTRANSACTION (0.2ms)[0m  [1m[31mROLLBACK[0m
  ↳ app/controllers/recipes_controller.rb:27:in `block in create'
  Rendering layout layouts/application.html.erb
  Rendering recipes/new.html.erb within layouts/application
  Rendered recipes/_form.html.erb (Duration: 9.1ms | Allocations: 2264)
  Rendered recipes/new.html.erb within layouts/application (Duration: 10.2ms | Allocations: 2349)
  Rendered layout layouts/application.html.erb (Duration: 15.3ms | Allocations: 4673)
Completed 422 Unprocessable Entity in 24ms (Views: 16.2ms | ActiveRecord: 0.9ms | Allocations: 7692)


Started POST "/recipes" for 127.0.0.1 at 2023-04-25 17:01:37 +0200
Processing by RecipesController#create as TURBO_STREAM
  Parameters: {"authenticity_token"=>"[FILTERED]", "recipe"=>{"name"=>"pizza", "preparation_time"=>"2 hours", "cooking_time"=>"30 mins", "description"=>"dghfhvohuiggfctydvtyguimhougniufitvdvutdghnggfcdxxcfvgbhj", "public"=>"0", "user_id"=>"landlord"}, "commit"=>"Create Recipe"}
  [1m[36mTRANSACTION (0.3ms)[0m  [1m[35mBEGIN[0m
  ↳ app/controllers/recipes_controller.rb:27:in `block in create'
  [1m[36mUser Load (0.9ms)[0m  [1m[34mSELECT "users".* FROM "users" WHERE "users"."id" = $1 LIMIT $2[0m  [["id", 0], ["LIMIT", 1]]
  ↳ app/controllers/recipes_controller.rb:27:in `block in create'
  [1m[36mTRANSACTION (0.3ms)[0m  [1m[31mROLLBACK[0m
  ↳ app/controllers/recipes_controller.rb:27:in `block in create'
  Rendering layout layouts/application.html.erb
  Rendering recipes/new.html.erb within layouts/application
  Rendered recipes/_form.html.erb (Duration: 5.7ms | Allocations: 2264)
  Rendered recipes/new.html.erb within layouts/application (Duration: 6.3ms | Allocations: 2349)
  Rendered layout layouts/application.html.erb (Duration: 12.8ms | Allocations: 4672)
Completed 422 Unprocessable Entity in 25ms (Views: 14.0ms | ActiveRecord: 1.5ms | Allocations: 7665)


Started POST "/recipes" for 127.0.0.1 at 2023-04-25 17:01:39 +0200
Processing by RecipesController#create as TURBO_STREAM
  Parameters: {"authenticity_token"=>"[FILTERED]", "recipe"=>{"name"=>"pizza", "preparation_time"=>"2 hours", "cooking_time"=>"30 mins", "description"=>"dghfhvohuiggfctydvtyguimhougniufitvdvutdghnggfcdxxcfvgbhj", "public"=>"0", "user_id"=>"landlord"}, "commit"=>"Create Recipe"}
  [1m[36mTRANSACTION (0.3ms)[0m  [1m[35mBEGIN[0m
  ↳ app/controllers/recipes_controller.rb:27:in `block in create'
  [1m[36mUser Load (0.4ms)[0m  [1m[34mSELECT "users".* FROM "users" WHERE "users"."id" = $1 LIMIT $2[0m  [["id", 0], ["LIMIT", 1]]
  ↳ app/controllers/recipes_controller.rb:27:in `block in create'
  [1m[36mTRANSACTION (2.2ms)[0m  [1m[31mROLLBACK[0m
  ↳ app/controllers/recipes_controller.rb:27:in `block in create'
  Rendering layout layouts/application.html.erb
  Rendering recipes/new.html.erb within layouts/application
  Rendered recipes/_form.html.erb (Duration: 18.3ms | Allocations: 2264)
  Rendered recipes/new.html.erb within layouts/application (Duration: 18.7ms | Allocations: 2349)
  Rendered layout layouts/application.html.erb (Duration: 23.5ms | Allocations: 4685)
Completed 422 Unprocessable Entity in 37ms (Views: 24.6ms | ActiveRecord: 2.9ms | Allocations: 7691)


Started POST "/recipes" for 127.0.0.1 at 2023-04-25 17:01:43 +0200
Processing by RecipesController#create as TURBO_STREAM
  Parameters: {"authenticity_token"=>"[FILTERED]", "recipe"=>{"name"=>"pizza", "preparation_time"=>"2 hours", "cooking_time"=>"30 mins", "description"=>"dghfhvohuiggfctydvtyguimhougniufitvdvutdghnggfcdxxcfvgbhj", "public"=>"1", "user_id"=>"landlord"}, "commit"=>"Create Recipe"}
  [1m[36mTRANSACTION (0.2ms)[0m  [1m[35mBEGIN[0m
  ↳ app/controllers/recipes_controller.rb:27:in `block in create'
  [1m[36mUser Load (0.5ms)[0m  [1m[34mSELECT "users".* FROM "users" WHERE "users"."id" = $1 LIMIT $2[0m  [["id", 0], ["LIMIT", 1]]
  ↳ app/controllers/recipes_controller.rb:27:in `block in create'
  [1m[36mTRANSACTION (0.6ms)[0m  [1m[31mROLLBACK[0m
  ↳ app/controllers/recipes_controller.rb:27:in `block in create'
  Rendering layout layouts/application.html.erb
  Rendering recipes/new.html.erb within layouts/application
  Rendered recipes/_form.html.erb (Duration: 7.6ms | Allocations: 2265)
  Rendered recipes/new.html.erb within layouts/application (Duration: 8.4ms | Allocations: 2350)
  Rendered layout layouts/application.html.erb (Duration: 15.3ms | Allocations: 4679)
Completed 422 Unprocessable Entity in 26ms (Views: 16.6ms | ActiveRecord: 1.4ms | Allocations: 7683)


Started GET "/recipes/new" for 127.0.0.1 at 2023-04-25 17:01:46 +0200
Processing by RecipesController#new as HTML
  Rendering layout layouts/application.html.erb
  Rendering recipes/new.html.erb within layouts/application
  Rendered recipes/_form.html.erb (Duration: 3.8ms | Allocations: 1994)
  Rendered recipes/new.html.erb within layouts/application (Duration: 4.6ms | Allocations: 2079)
  Rendered layout layouts/application.html.erb (Duration: 10.2ms | Allocations: 4410)
Completed 200 OK in 12ms (Views: 11.1ms | ActiveRecord: 0.0ms | Allocations: 4741)


Started POST "/recipes" for 127.0.0.1 at 2023-04-25 17:02:03 +0200
Processing by RecipesController#create as TURBO_STREAM
  Parameters: {"authenticity_token"=>"[FILTERED]", "recipe"=>{"name"=>"pizza", "preparation_time"=>"2 hours", "cooking_time"=>"30 mins", "description"=>"sdjfp[vfgieurnocugw[eoihg[otihg[oirjhpie;tht", "public"=>"1", "user_id"=>"landlord"}, "commit"=>"Create Recipe"}
  [1m[36mTRANSACTION (0.2ms)[0m  [1m[35mBEGIN[0m
  ↳ app/controllers/recipes_controller.rb:27:in `block in create'
  [1m[36mUser Load (0.7ms)[0m  [1m[34mSELECT "users".* FROM "users" WHERE "users"."id" = $1 LIMIT $2[0m  [["id", 0], ["LIMIT", 1]]
  ↳ app/controllers/recipes_controller.rb:27:in `block in create'
  [1m[36mTRANSACTION (0.4ms)[0m  [1m[31mROLLBACK[0m
  ↳ app/controllers/recipes_controller.rb:27:in `block in create'
  Rendering layout layouts/application.html.erb
  Rendering recipes/new.html.erb within layouts/application
  Rendered recipes/_form.html.erb (Duration: 5.0ms | Allocations: 2265)
  Rendered recipes/new.html.erb within layouts/application (Duration: 5.5ms | Allocations: 2350)
  Rendered layout layouts/application.html.erb (Duration: 9.5ms | Allocations: 4673)
Completed 422 Unprocessable Entity in 22ms (Views: 10.6ms | ActiveRecord: 1.3ms | Allocations: 7685)


Started GET "/recipes" for 127.0.0.1 at 2023-04-25 17:02:05 +0200
Processing by RecipesController#index as HTML
  Rendering layout layouts/application.html.erb
  Rendering recipes/index.html.erb within layouts/application
  [1m[36mRecipe Load (1.0ms)[0m  [1m[34mSELECT "recipes".* FROM "recipes"[0m
  ↳ app/views/recipes/index.html.erb:6
  Rendered recipes/index.html.erb within layouts/application (Duration: 3.7ms | Allocations: 733)
  Rendered layout layouts/application.html.erb (Duration: 9.2ms | Allocations: 3077)
Completed 200 OK in 11ms (Views: 9.3ms | ActiveRecord: 1.0ms | Allocations: 3405)


Started GET "/users/new" for 127.0.0.1 at 2023-04-25 17:02:11 +0200
Processing by UsersController#new as HTML
  Rendering layout layouts/application.html.erb
  Rendering users/new.html.erb within layouts/application
  Rendered users/_form.html.erb (Duration: 2.4ms | Allocations: 1187)
  Rendered users/new.html.erb within layouts/application (Duration: 3.7ms | Allocations: 1495)
  Rendered layout layouts/application.html.erb (Duration: 9.6ms | Allocations: 3826)
Completed 200 OK in 12ms (Views: 10.7ms | ActiveRecord: 0.0ms | Allocations: 4217)


Started POST "/users" for 127.0.0.1 at 2023-04-25 17:02:15 +0200
Processing by UsersController#create as TURBO_STREAM
  Parameters: {"authenticity_token"=>"[FILTERED]", "user"=>{"name"=>"Pray Eddy"}, "commit"=>"Create User"}
  [1m[36mTRANSACTION (0.3ms)[0m  [1m[35mBEGIN[0m
  ↳ app/controllers/users_controller.rb:27:in `block in create'
  [1m[36mUser Create (64.4ms)[0m  [1m[32mINSERT INTO "users" ("name", "created_at", "updated_at") VALUES ($1, $2, $3) RETURNING "id"[0m  [["name", "Pray Eddy"], ["created_at", "2023-04-25 15:02:15.099686"], ["updated_at", "2023-04-25 15:02:15.099686"]]
  ↳ app/controllers/users_controller.rb:27:in `block in create'
  [1m[36mTRANSACTION (2.2ms)[0m  [1m[35mCOMMIT[0m
  ↳ app/controllers/users_controller.rb:27:in `block in create'
Redirected to http://127.0.0.1:3000/users/2
Completed 302 Found in 79ms (ActiveRecord: 66.9ms | Allocations: 3253)


Started GET "/users/2" for 127.0.0.1 at 2023-04-25 17:02:15 +0200
Processing by UsersController#show as TURBO_STREAM
  Parameters: {"id"=>"2"}
  [1m[36mUser Load (0.4ms)[0m  [1m[34mSELECT "users".* FROM "users" WHERE "users"."id" = $1 LIMIT $2[0m  [["id", 2], ["LIMIT", 1]]
  ↳ app/controllers/users_controller.rb:64:in `set_user'
  Rendering layout layouts/application.html.erb
  Rendering users/show.html.erb within layouts/application
  Rendered users/_user.html.erb (Duration: 0.1ms | Allocations: 17)
  Rendered users/show.html.erb within layouts/application (Duration: 3.4ms | Allocations: 867)
  Rendered layout layouts/application.html.erb (Duration: 8.8ms | Allocations: 3190)
Completed 200 OK in 14ms (Views: 9.5ms | ActiveRecord: 0.4ms | Allocations: 4664)


Started GET "/users/2/recipes" for 127.0.0.1 at 2023-04-25 17:02:26 +0200
  
ActionController::RoutingError (No route matches [GET] "/users/2/recipes"):
  
Started GET "/recipes" for 127.0.0.1 at 2023-04-25 17:02:36 +0200
Processing by RecipesController#index as HTML
  Rendering layout layouts/application.html.erb
  Rendering recipes/index.html.erb within layouts/application
  [1m[36mRecipe Load (1.5ms)[0m  [1m[34mSELECT "recipes".* FROM "recipes"[0m
  ↳ app/views/recipes/index.html.erb:6
  Rendered recipes/index.html.erb within layouts/application (Duration: 4.6ms | Allocations: 732)
  Rendered layout layouts/application.html.erb (Duration: 9.8ms | Allocations: 3076)
Completed 200 OK in 12ms (Views: 9.6ms | ActiveRecord: 1.5ms | Allocations: 3401)


Started GET "/recipes/new" for 127.0.0.1 at 2023-04-25 17:02:38 +0200
Processing by RecipesController#new as HTML
  Rendering layout layouts/application.html.erb
  Rendering recipes/new.html.erb within layouts/application
  Rendered recipes/_form.html.erb (Duration: 3.3ms | Allocations: 1974)
  Rendered recipes/new.html.erb within layouts/application (Duration: 4.0ms | Allocations: 2059)
  Rendered layout layouts/application.html.erb (Duration: 9.6ms | Allocations: 4390)
Completed 200 OK in 12ms (Views: 11.1ms | ActiveRecord: 0.0ms | Allocations: 4723)


Started POST "/recipes" for 127.0.0.1 at 2023-04-25 17:02:56 +0200
Processing by RecipesController#create as TURBO_STREAM
  Parameters: {"authenticity_token"=>"[FILTERED]", "recipe"=>{"name"=>"pizza", "preparation_time"=>"2 hours", "cooking_time"=>"30 mins", "description"=>"cidtchrohcgoingodnfgcl;jdnb;fljgsfg", "public"=>"1", "user_id"=>"Pray Eddy"}, "commit"=>"Create Recipe"}
  [1m[36mTRANSACTION (0.2ms)[0m  [1m[35mBEGIN[0m
  ↳ app/controllers/recipes_controller.rb:27:in `block in create'
  [1m[36mUser Load (0.3ms)[0m  [1m[34mSELECT "users".* FROM "users" WHERE "users"."id" = $1 LIMIT $2[0m  [["id", 0], ["LIMIT", 1]]
  ↳ app/controllers/recipes_controller.rb:27:in `block in create'
  [1m[36mTRANSACTION (1.9ms)[0m  [1m[31mROLLBACK[0m
  ↳ app/controllers/recipes_controller.rb:27:in `block in create'
  Rendering layout layouts/application.html.erb
  Rendering recipes/new.html.erb within layouts/application
  Rendered recipes/_form.html.erb (Duration: 6.7ms | Allocations: 2266)
  Rendered recipes/new.html.erb within layouts/application (Duration: 7.2ms | Allocations: 2351)
  Rendered layout layouts/application.html.erb (Duration: 11.7ms | Allocations: 4674)
Completed 422 Unprocessable Entity in 24ms (Views: 12.8ms | ActiveRecord: 2.4ms | Allocations: 7660)


Started GET "/recipes" for 127.0.0.1 at 2023-04-25 17:03:08 +0200
Processing by RecipesController#index as HTML
  Rendering layout layouts/application.html.erb
  Rendering recipes/index.html.erb within layouts/application
  [1m[36mRecipe Load (0.4ms)[0m  [1m[34mSELECT "recipes".* FROM "recipes"[0m
  ↳ app/views/recipes/index.html.erb:6
  Rendered recipes/index.html.erb within layouts/application (Duration: 2.7ms | Allocations: 741)
  Rendered layout layouts/application.html.erb (Duration: 7.0ms | Allocations: 3085)
Completed 200 OK in 9ms (Views: 7.6ms | ActiveRecord: 0.4ms | Allocations: 3412)


Started GET "/foods" for 127.0.0.1 at 2023-04-25 17:18:55 +0200
Processing by FoodsController#index as HTML
  Rendering layout layouts/application.html.erb
  Rendering foods/index.html.erb within layouts/application
  [1m[36mFood Load (15.7ms)[0m  [1m[34mSELECT "foods".* FROM "foods"[0m
  ↳ app/views/foods/index.html.erb:6
  Rendered foods/_food.html.erb (Duration: 1.5ms | Allocations: 321)
  Rendered foods/index.html.erb within layouts/application (Duration: 163.9ms | Allocations: 19836)
  Rendered layout layouts/application.html.erb (Duration: 191.1ms | Allocations: 22255)
Completed 200 OK in 215ms (Views: 195.2ms | ActiveRecord: 97.2ms | Allocations: 26076)


Started GET "/foods/1" for 127.0.0.1 at 2023-04-25 17:19:23 +0200
Processing by FoodsController#show as HTML
  Parameters: {"id"=>"1"}
  [1m[36mFood Load (0.5ms)[0m  [1m[34mSELECT "foods".* FROM "foods" WHERE "foods"."id" = $1 LIMIT $2[0m  [["id", 1], ["LIMIT", 1]]
  ↳ app/controllers/foods_controller.rb:64:in `set_food'
  Rendering layout layouts/application.html.erb
  Rendering foods/show.html.erb within layouts/application
  Rendered foods/_food.html.erb (Duration: 0.1ms | Allocations: 25)
  Rendered foods/show.html.erb within layouts/application (Duration: 9.2ms | Allocations: 778)
  Rendered layout layouts/application.html.erb (Duration: 14.1ms | Allocations: 3101)
Completed 200 OK in 21ms (Views: 15.0ms | ActiveRecord: 0.7ms | Allocations: 4578)


Started GET "/" for 127.0.0.1 at 2023-04-25 17:22:39 +0200
Processing by UsersController#index as HTML
  Rendering layout layouts/application.html.erb
  Rendering users/index.html.erb within layouts/application
  [1m[36mUser Load (0.7ms)[0m  [1m[34mSELECT "users".* FROM "users"[0m
  ↳ app/views/users/index.html.erb:6
  Rendered users/_user.html.erb (Duration: 0.2ms | Allocations: 17)
  Rendered users/_user.html.erb (Duration: 0.2ms | Allocations: 16)
  Rendered users/index.html.erb within layouts/application (Duration: 9.5ms | Allocations: 982)
  Rendered layout layouts/application.html.erb (Duration: 17.0ms | Allocations: 3326)
Completed 200 OK in 19ms (Views: 17.3ms | ActiveRecord: 0.7ms | Allocations: 3653)


Started GET "/recipes" for 127.0.0.1 at 2023-04-25 17:23:36 +0200
Processing by RecipesController#index as HTML
  Rendering layout layouts/application.html.erb
  Rendering recipes/index.html.erb within layouts/application
  [1m[36mRecipe Load (0.8ms)[0m  [1m[34mSELECT "recipes".* FROM "recipes"[0m
  ↳ app/views/recipes/index.html.erb:6
  Rendered recipes/index.html.erb within layouts/application (Duration: 4.4ms | Allocations: 782)
  Rendered layout layouts/application.html.erb (Duration: 17.5ms | Allocations: 3126)
Completed 200 OK in 23ms (Views: 21.7ms | ActiveRecord: 0.8ms | Allocations: 3453)


Started GET "/recipes/new" for 127.0.0.1 at 2023-04-25 17:23:41 +0200
Processing by RecipesController#new as HTML
  Rendering layout layouts/application.html.erb
  Rendering recipes/new.html.erb within layouts/application
  Rendered recipes/_form.html.erb (Duration: 5.8ms | Allocations: 1968)
  Rendered recipes/new.html.erb within layouts/application (Duration: 6.1ms | Allocations: 2053)
  Rendered layout layouts/application.html.erb (Duration: 10.2ms | Allocations: 4384)
Completed 200 OK in 12ms (Views: 10.9ms | ActiveRecord: 0.0ms | Allocations: 4717)


Started GET "/foods" for 127.0.0.1 at 2023-04-25 17:23:58 +0200
Processing by FoodsController#index as HTML
  Rendering layout layouts/application.html.erb
  Rendering foods/index.html.erb within layouts/application
  [1m[36mFood Load (0.4ms)[0m  [1m[34mSELECT "foods".* FROM "foods"[0m
  ↳ app/views/foods/index.html.erb:6
  Rendered foods/_food.html.erb (Duration: 0.2ms | Allocations: 25)
  Rendered foods/index.html.erb within layouts/application (Duration: 10.6ms | Allocations: 881)
  Rendered layout layouts/application.html.erb (Duration: 20.1ms | Allocations: 3225)
Completed 200 OK in 23ms (Views: 21.7ms | ActiveRecord: 0.4ms | Allocations: 3560)


